<?xml version="1.0" encoding="UTF-8"?><testsuite errors="2" failures="0" name="Lab5Web.features.search.SearchByKeywordStory" skipped="1" tests="3" time="2.16" timestamp="2019-05-07T18:26:18.092+03:00[Europe/Athens]"><testcase classname="Lab5Web.features.search.SearchByKeywordStory" name="Searching by keyword banana should display the corresponding article"><error message="Could not instantiate class org.openqa.selenium.chrome.ChromeDriver" type="net.thucydides.core.webdriver.UnsupportedDriverException">Could not instantiate class org.openqa.selenium.chrome.ChromeDriver</error><system-err>Could not instantiate class org.openqa.selenium.chrome.ChromeDriver&#13;
Lab5Web.steps.serenity.EndUserSteps.is_the_home_page(EndUserSteps.java:32)&#13;
Lab5Web.features.search.SearchByKeywordStory.searching_by_keyword_banana_should_display_the_corresponding_article(SearchByKeywordStory.java:35)&#13;
</system-err></testcase><testcase classname="Lab5Web.features.search.SearchByKeywordStory" name="Searching by ambiguious keyword should display the disambiguation page"><skipped/></testcase><testcase classname="Lab5Web.features.search.SearchByKeywordStory" name="Searching by keyword apple should display the corresponding article"><error message="Could not instantiate class org.openqa.selenium.chrome.ChromeDriver" type="net.thucydides.core.webdriver.UnsupportedDriverException">Could not instantiate class org.openqa.selenium.chrome.ChromeDriver</error><system-err>Could not instantiate class org.openqa.selenium.chrome.ChromeDriver&#13;
Lab5Web.steps.serenity.EndUserSteps.is_the_home_page(EndUserSteps.java:32)&#13;
Lab5Web.features.search.SearchByKeywordStory.searching_by_keyword_apple_should_display_the_corresponding_article(SearchByKeywordStory.java:27)&#13;
</system-err></testcase></testsuite>